<?xml version="1.0" encoding="UTF-8"?>
<!-- Generated by org.testng.reporters.JUnitXMLReporter -->
<testsuite ignored="0" hostname="DESKTOP-G71SC7S" failures="0" tests="5" name="Default test" time="16.702" errors="0" timestamp="29 Mar 2021 17:56:38 GMT">
  <testcase classname="drivers.testng.TestDriver" name="startTest" time="10.819"/>
  <testcase classname="drivers.testng.TestDriver" name="executeKeyword" time="2.81"/>
  <testcase classname="drivers.testng.TestDriver" name="executeKeyword" time="0.012"/>
  <testcase classname="drivers.testng.TestDriver" name="executeKeyword" time="2.605"/>
  <testcase classname="drivers.testng.TestDriver" name="endTest" time="0.263"/>
</testsuite> <!-- Default test -->
